$ yarn run generate && prisma migrate deploy && next build
$ yarn setup && prisma generate
$ rimraf schema.prisma && prismix && yarn fix && prisma format
Prismix: mixing your schemas... 🍹
$ cp -r schema.prisma /tmp/s.prisma && uniq /tmp/s.prisma schema.prisma
Prisma schema loaded from schema.prisma
Formatted /home/user/Desktop/intelliKAM/apps/intelliKAM/schema.prisma in 18ms 🚀
Environment variables loaded from .env
Prisma schema loaded from schema.prisma

✔ Generated Prisma Client (4.12.0 | library) to ./../../node_modules/@prisma/client in 295ms
You can now start using Prisma Client in your code. Reference: https://pris.ly/d/client
```
import { PrismaClient } from '@prisma/client'
const prisma = new PrismaClient()
```
Environment variables loaded from .env
Prisma schema loaded from schema.prisma
Datasource "db": MySQL database "intellikam" at "localhost:3306"

1 migration found in prisma/migrations


No pending migrations to apply.
info  - Loaded env from /home/user/Desktop/intelliKAM/apps/intelliKAM/.env
info  - Checking validity of types...
Failed to compile.

./common/Input.tsx:18:8
Type error: Type '{ accept?: string | undefined; alt?: string | undefined; autoComplete?: string | undefined; autoFocus?: boolean | undefined; capture?: boolean | "user" | "environment" | undefined; ... 280 more ...; id: string; }' is not assignable to type 'DetailedHTMLProps<InputHTMLAttributes<HTMLInputElement>, HTMLInputElement>'.
  Type '{ accept?: string | undefined; alt?: string | undefined; autoComplete?: string | undefined; autoFocus?: boolean | undefined; capture?: boolean | "user" | "environment" | undefined; ... 280 more ...; id: string; }' is not assignable to type 'InputHTMLAttributes<HTMLInputElement>'.
    Types of property 'crossOrigin' are incompatible.
      Type 'string | undefined' is not assignable to type '"" | "anonymous" | "use-credentials" | undefined'.
        Type 'string' is not assignable to type '"" | "anonymous" | "use-credentials" | undefined'.

[0m [90m 16 | [39m        {label}[0m
[0m [90m 17 | [39m      [33m<[39m[33m/[39m[33mlabel[39m[33m>[39m[0m
[0m[31m[1m>[22m[39m[90m 18 | [39m      [33m<[39m[33minput[39m[0m
[0m [90m    | [39m       [31m[1m^[22m[39m[0m
[0m [90m 19 | [39m        id[33m=[39m{id}[0m
[0m [90m 20 | [39m        className[33m=[39m{[32m`appearance-none block w-full bg-gray-200 text-gray-700 border ${error ? 'border-red-500' : 'border-gray-200'} rounded py-3 px-4 leading-tight focus:outline-none focus:bg-white focus:border-sky-500`[39m}[0m
[0m [90m 21 | [39m        {[33m...[39mprops}[0m
error Command failed with exit code 1.
info Visit https://yarnpkg.com/en/docs/cli/run for documentation about this command.
